<?xml version="1.0" encoding="UTF-8"?>
<!-- Generated by org.testng.reporters.JUnitReportReporter -->
<testsuite hostname="DESKTOP-5VGD0PP" failures="0" tests="6" name="TestCase.MakeMyTripSearchTestcase" time="21.714" errors="0" timestamp="2024-07-02T08:25:33 IST" skipped="0">
  <testcase classname="TestCase.MakeMyTripSearchTestcase" name="SearchWithValidValues" time="4.984"/>
  <testcase classname="TestCase.MakeMyTripSearchTestcase" name="SearchWithValidValues" time="5.584"/>
  <testcase classname="TestCase.MakeMyTripSearchTestcase" name="SearchWithValidValues" time="5.763"/>
  <testcase classname="TestCase.MakeMyTripSearchTestcase" name="SearchWithinValidValues" time="1.704"/>
  <testcase classname="TestCase.MakeMyTripSearchTestcase" name="SearchWithinValidValues" time="1.813"/>
  <testcase classname="TestCase.MakeMyTripSearchTestcase" name="SearchWithinValidValues" time="1.866"/>
</testsuite> <!-- TestCase.MakeMyTripSearchTestcase -->
