<?xml version="1.0" encoding="UTF-8"?>
<!-- Generated by org.testng.reporters.JUnitReportReporter -->
<testsuite hostname="DESKTOP-5VGD0PP" failures="0" tests="6" name="TestCase.MakeMyTripSearchTestcase" time="24.279" errors="0" timestamp="2024-07-02T08:33:29 IST" skipped="0">
  <testcase classname="TestCase.MakeMyTripSearchTestcase" name="SearchWithValidValues" time="5.588"/>
  <testcase classname="TestCase.MakeMyTripSearchTestcase" name="SearchWithValidValues" time="6.879"/>
  <testcase classname="TestCase.MakeMyTripSearchTestcase" name="SearchWithValidValues" time="6.009"/>
  <testcase classname="TestCase.MakeMyTripSearchTestcase" name="SearchWithinValidValues" time="1.763"/>
  <testcase classname="TestCase.MakeMyTripSearchTestcase" name="SearchWithinValidValues" time="2.170"/>
  <testcase classname="TestCase.MakeMyTripSearchTestcase" name="SearchWithinValidValues" time="1.870"/>
</testsuite> <!-- TestCase.MakeMyTripSearchTestcase -->
